<?xml version="1.0" encoding="UTF-8"?>
<!-- Generated by org.testng.reporters.JUnitXMLReporter -->
<testsuite ignored="0" hostname="LTIN-APLXC43VHGT6H" failures="1" tests="1" name="TestSafari" time="19.808" errors="0" timestamp="2023-11-06T10:45:44 IST">
  <testcase classname="kishapp.login" name="loginToServiceNow" time="11.171">
    <failure type="java.lang.AssertionError" message="Test case failed due to an exception: For documentation on this error, please visit: https://www.selenium.dev/documentation/webdriver/troubleshooting/errors#no-such-element-exception
Build info: version: &amp;apos;4.14.1&amp;apos;, revision: &amp;apos;03f8ede370&amp;apos;
System info: os.name: &amp;apos;Mac OS X&amp;apos;, os.arch: &amp;apos;aarch64&amp;apos;, os.version: &amp;apos;14.0&amp;apos;, java.version: &amp;apos;17.0.1&amp;apos;
Driver info: org.openqa.selenium.safari.SafariDriver
Command: [1822FE1F-54A2-4185-884B-0EAA408378E5, findElement {using=css selector, value=macroponent-f51912f4c700201072b211d4d8c26010}]
Capabilities {acceptInsecureCerts: false, browserName: Safari, browserVersion: 17.0, platformName: mac, safari:automaticInspection: false, safari:automaticProfiling: false, safari:diagnose: false, safari:platformBuildVersion: 23A344, safari:platformVersion: 14.0, safari:useSimulator: false, setWindowRect: true, strictFileInteractability: false, webkit:WebRTC: {DisableICECandidateFiltering: false, DisableInsecureMediaCapture: false}}
Session ID: 1822FE1F-54A2-4185-884B-0EAA408378E5">
      <![CDATA[java.lang.AssertionError: Test case failed due to an exception: For documentation on this error, please visit: https://www.selenium.dev/documentation/webdriver/troubleshooting/errors#no-such-element-exception
Build info: version: '4.14.1', revision: '03f8ede370'
System info: os.name: 'Mac OS X', os.arch: 'aarch64', os.version: '14.0', java.version: '17.0.1'
Driver info: org.openqa.selenium.safari.SafariDriver
Command: [1822FE1F-54A2-4185-884B-0EAA408378E5, findElement {using=css selector, value=macroponent-f51912f4c700201072b211d4d8c26010}]
Capabilities {acceptInsecureCerts: false, browserName: Safari, browserVersion: 17.0, platformName: mac, safari:automaticInspection: false, safari:automaticProfiling: false, safari:diagnose: false, safari:platformBuildVersion: 23A344, safari:platformVersion: 14.0, safari:useSimulator: false, setWindowRect: true, strictFileInteractability: false, webkit:WebRTC: {DisableICECandidateFiltering: false, DisableInsecureMediaCapture: false}}
Session ID: 1822FE1F-54A2-4185-884B-0EAA408378E5
at kishapp.login.loginToServiceNow(login.java:54)
at java.base/java.util.ArrayList.forEach(ArrayList.java:1511)
... Removed 28 stack frames]]>
    </failure>
  </testcase> <!-- loginToServiceNow -->
</testsuite> <!-- TestSafari -->
